  Automatic MOC and UIC for target QtExample_example
  mocs_compilation_Debug.cpp
  example.cpp
  main.cpp
  qrc_example.cpp
  正在生成代码...
mocs_compilation_Debug.obj : error LNK2019: 无法解析的外部符号 "__declspec(dllimport) public: __cdecl QMetaType::QMetaType(void)" (__imp_??0QMetaType@@QEAA@XZ)，函数 "public: virtual int __cdecl example::qt_metacall(enum QMetaObject::Call,int,void * *)" (?qt_metacall@example@@UEAAHW4Call@QMetaObject@@HPEAPEAX@Z) 中引用了该符号
mocs_compilation_Debug.obj : error LNK2019: 无法解析的外部符号 "__declspec(dllimport) public: struct QMetaObject * __cdecl QObjectData::dynamicMetaObject(void)const " (__imp_?dynamicMetaObject@QObjectData@@QEBAPEAUQMetaObject@@XZ)，函数 "public: virtual struct QMetaObject const * __cdecl example::metaObject(void)const " (?metaObject@example@@UEBAPEBUQMetaObject@@XZ) 中引用了该符号
mocs_compilation_Debug.obj : error LNK2019: 无法解析的外部符号 "__declspec(dllimport) public: virtual void * __cdecl QMainWindow::qt_metacast(char const *)" (__imp_?qt_metacast@QMainWindow@@UEAAPEAXPEBD@Z)，函数 "public: virtual void * __cdecl example::qt_metacast(char const *)" (?qt_metacast@example@@UEAAPEAXPEBD@Z) 中引用了该符号
mocs_compilation_Debug.obj : error LNK2019: 无法解析的外部符号 "__declspec(dllimport) public: virtual int __cdecl QMainWindow::qt_metacall(enum QMetaObject::Call,int,void * *)" (__imp_?qt_metacall@QMainWindow@@UEAAHW4Call@QMetaObject@@HPEAPEAX@Z)，函数 "public: virtual int __cdecl example::qt_metacall(enum QMetaObject::Call,int,void * *)" (?qt_metacall@example@@UEAAHW4Call@QMetaObject@@HPEAPEAX@Z) 中引用了该符号
mocs_compilation_Debug.obj : error LNK2019: 无法解析的外部符号 "__declspec(dllimport) public: static struct QMetaObject const QMainWindow::staticMetaObject" (__imp_?staticMetaObject@QMainWindow@@2UQMetaObject@@B)，函数 "public: static struct QMetaObject const * __cdecl QMetaObject::staticMetaObject<&public: static struct QMetaObject const QMainWindow::staticMetaObject>(void)" (??$staticMetaObject@$1?staticMetaObject@QMainWindow@@2UQMetaObject@@B@QMetaObject@@SAPEBU0@XZ) 中引用了该符号
example.obj : error LNK2019: 无法解析的外部符号 "__declspec(dllimport) void __cdecl qt_assert(char const *,char const *,int)" (__imp_?qt_assert@@YAXPEBD0H@Z)，函数 "public: __cdecl QByteArrayView::QByteArrayView<char,1>(char const *,__int64)" (??$?0D$00@QByteArrayView@@QEAA@PEBD_J@Z) 中引用了该符号
example.obj : error LNK2019: 无法解析的外部符号 "__declspec(dllimport) void __cdecl qt_assert_x(char const *,char const *,char const *,int)" (__imp_?qt_assert_x@@YAXPEBD00H@Z)，函数 "void __cdecl QtPrivate::assertObjectType<class example>(class QObject *)" (??$assertObjectType@Vexample@@@QtPrivate@@YAXPEAVQObject@@@Z) 中引用了该符号
example.obj : error LNK2019: 无法解析的外部符号 "__declspec(dllimport) public: char const * __cdecl QMetaObject::className(void)const " (__imp_?className@QMetaObject@@QEBAPEBDXZ)，函数 "void __cdecl QtPrivate::assertObjectType<class example>(class QObject *)" (??$assertObjectType@Vexample@@@QtPrivate@@YAXPEAVQObject@@@Z) 中引用了该符号
example.obj : error LNK2019: 无法解析的外部符号 "__declspec(dllimport) public: class QString __cdecl QMetaObject::tr(char const *,char const *,int)const " (__imp_?tr@QMetaObject@@QEBA?AVQString@@PEBD0H@Z)，函数 "public: static class QString __cdecl example::tr(char const *,char const *,int)" (?tr@example@@SA?AVQString@@PEBD0H@Z) 中引用了该符号
example.obj : error LNK2019: 无法解析的外部符号 "__declspec(dllimport) public: static void __cdecl QMetaObject::connectSlotsByName(class QObject *)" (__imp_?connectSlotsByName@QMetaObject@@SAXPEAVQObject@@@Z)，函数 "public: void __cdecl Ui_exampleClass::setupUi(class QMainWindow *)" (?setupUi@Ui_exampleClass@@QEAAXPEAVQMainWindow@@@Z) 中引用了该符号
example.obj : error LNK2019: 无法解析的外部符号 "__declspec(dllimport) public: __cdecl QMetaObject::Connection::~Connection(void)" (__imp_??1Connection@QMetaObject@@QEAA@XZ)，函数 "public: __cdecl example::example(class QWidget *)" (??0example@@QEAA@PEAVQWidget@@@Z) 中引用了该符号
example.obj : error LNK2019: 无法解析的外部符号 "__declspec(dllimport) private: static __int64 __cdecl QByteArrayView::lengthHelperCharArray(char const *,unsigned __int64)" (__imp_?lengthHelperCharArray@QByteArrayView@@CA_JPEBD_K@Z)，函数 "public: __cdecl QByteArrayView::QByteArrayView<8>(char const (&)[8])" (??$?0$07@QByteArrayView@@QEAA@AEAY07$$CBD@Z) 中引用了该符号
example.obj : error LNK2019: 无法解析的外部符号 "__declspec(dllimport) private: static char const * __cdecl QByteArrayView::castHelper(char const *)" (__imp_?castHelper@QByteArrayView@@CAPEBDPEBD@Z)，函数 "public: __cdecl QByteArrayView::QByteArrayView<char,1>(char const *,__int64)" (??$?0D$00@QByteArrayView@@QEAA@PEBD_J@Z) 中引用了该符号
example.obj : error LNK2019: 无法解析的外部符号 "__declspec(dllimport) public: __cdecl QString::~QString(void)" (__imp_??1QString@@QEAA@XZ)，函数 "public: __cdecl example::example(class QWidget *)" (??0example@@QEAA@PEAVQWidget@@@Z) 中引用了该符号
example.obj : error LNK2019: 无法解析的外部符号 "__declspec(dllimport) public: bool __cdecl QString::isEmpty(void)const " (__imp_?isEmpty@QString@@QEBA_NXZ)，函数 "public: void __cdecl Ui_exampleClass::setupUi(class QMainWindow *)" (?setupUi@Ui_exampleClass@@QEAAXPEAVQMainWindow@@@Z) 中引用了该符号
example.obj : error LNK2019: 无法解析的外部符号 "__declspec(dllimport) public: static class QString __cdecl QString::fromUtf8(class QByteArrayView)" (__imp_?fromUtf8@QString@@SA?AV1@VQByteArrayView@@@Z)，函数 "public: void __cdecl Ui_exampleClass::setupUi(class QMainWindow *)" (?setupUi@Ui_exampleClass@@QEAAXPEAVQMainWindow@@@Z) 中引用了该符号
example.obj : error LNK2019: 无法解析的外部符号 "__declspec(dllimport) public: __cdecl QString::QString(char const *)" (__imp_??0QString@@QEAA@PEBD@Z)，函数 "private: void __cdecl example::hello(void)" (?hello@example@@AEAAXXZ) 中引用了该符号
example.obj : error LNK2019: 无法解析的外部符号 "__declspec(dllimport) public: class QString __cdecl QObject::objectName(void)const " (__imp_?objectName@QObject@@QEBA?AVQString@@XZ)，函数 "public: void __cdecl Ui_exampleClass::setupUi(class QMainWindow *)" (?setupUi@Ui_exampleClass@@QEAAXPEAVQMainWindow@@@Z) 中引用了该符号
example.obj : error LNK2019: 无法解析的外部符号 "__declspec(dllimport) public: void __cdecl QObject::setObjectName(class QString const &)" (__imp_?setObjectName@QObject@@QEAAXAEBVQString@@@Z)，函数 "public: void __cdecl Ui_exampleClass::setupUi(class QMainWindow *)" (?setupUi@Ui_exampleClass@@QEAAXPEAVQMainWindow@@@Z) 中引用了该符号
example.obj : error LNK2019: 无法解析的外部符号 "__declspec(dllimport) private: static class QMetaObject::Connection __cdecl QObject::connectImpl(class QObject const *,void * *,class QObject const *,void * *,class QtPrivate::QSlotObjectBase *,enum Qt::ConnectionType,int const *,struct QMetaObject const *)" (__imp_?connectImpl@QObject@@CA?AVConnection@QMetaObject@@PEBV1@PEAPEAX01PEAVQSlotObjectBase@QtPrivate@@W4ConnectionType@Qt@@PEBHPEBU3@@Z)，函数 "public: static class QMetaObject::Connection __cdecl QObject::connect<void (__cdecl QAction::*)(bool),void (__cdecl example::*)(void)>(class QAction const *,void (__cdecl QAction::*)(bool),class example const *,void (__cdecl example::*)(void),enum Qt::ConnectionType)" (??$connect@P8QAction@@EAAX_N@ZP8example@@EAAXXZ@QObject@@SA?AVConnection@QMetaObject@@PEBVQAction@@P83@EAAX_N@ZPEBVexample@@P84@EAAXXZW4ConnectionType@Qt@@@Z) 中引用了该符号
example.obj : error LNK2019: 无法解析的外部符号 "__declspec(dllimport) public: __cdecl QRect::QRect(int,int,int,int)" (__imp_??0QRect@@QEAA@HHHH@Z)，函数 "public: void __cdecl Ui_exampleClass::setupUi(class QMainWindow *)" (?setupUi@Ui_exampleClass@@QEAAXPEAVQMainWindow@@@Z) 中引用了该符号
example.obj : error LNK2019: 无法解析的外部符号 "__declspec(dllimport) public: __cdecl QAction::QAction(class QString const &,class QObject *)" (__imp_??0QAction@@QEAA@AEBVQString@@PEAVQObject@@@Z)，函数 "public: __cdecl example::example(class QWidget *)" (??0example@@QEAA@PEAVQWidget@@@Z) 中引用了该符号
example.obj : error LNK2019: 无法解析的外部符号 "__declspec(dllimport) public: virtual __cdecl QAction::~QAction(void)" (__imp_??1QAction@@UEAA@XZ)，函数 "public: virtual void * __cdecl QAction::`scalar deleting destructor'(unsigned int)" (??_GQAction@@UEAAPEAXI@Z) 中引用了该符号
example.obj : error LNK2019: 无法解析的外部符号 "__declspec(dllimport) public: void __cdecl QAction::triggered(bool)" (__imp_?triggered@QAction@@QEAAX_N@Z)，函数 "public: __cdecl example::example(class QWidget *)" (??0example@@QEAA@PEAVQWidget@@@Z) 中引用了该符号
example.obj : error LNK2019: 无法解析的外部符号 "__declspec(dllimport) public: __cdecl QWidget::QWidget(class QWidget *,class QFlags<enum Qt::WindowType>)" (__imp_??0QWidget@@QEAA@PEAV0@V?$QFlags@W4WindowType@Qt@@@@@Z)，函数 "public: void __cdecl Ui_exampleClass::setupUi(class QMainWindow *)" (?setupUi@Ui_exampleClass@@QEAAXPEAVQMainWindow@@@Z) 中引用了该符号
example.obj : error LNK2019: 无法解析的外部符号 "__declspec(dllimport) public: virtual __cdecl QWidget::~QWidget(void)" (__imp_??1QWidget@@UEAA@XZ)，函数 "public: virtual void * __cdecl QWidget::`scalar deleting destructor'(unsigned int)" (??_GQWidget@@UEAAPEAXI@Z) 中引用了该符号
example.obj : error LNK2019: 无法解析的外部符号 "__declspec(dllimport) public: void __cdecl QWidget::setWindowTitle(class QString const &)" (__imp_?setWindowTitle@QWidget@@QEAAXAEBVQString@@@Z)，函数 "public: void __cdecl Ui_exampleClass::retranslateUi(class QMainWindow *)" (?retranslateUi@Ui_exampleClass@@QEAAXPEAVQMainWindow@@@Z) 中引用了该符号
example.obj : error LNK2019: 无法解析的外部符号 "__declspec(dllimport) public: void __cdecl QWidget::resize(int,int)" (__imp_?resize@QWidget@@QEAAXHH@Z)，函数 "public: void __cdecl Ui_exampleClass::setupUi(class QMainWindow *)" (?setupUi@Ui_exampleClass@@QEAAXPEAVQMainWindow@@@Z) 中引用了该符号
example.obj : error LNK2019: 无法解析的外部符号 "__declspec(dllimport) public: void __cdecl QWidget::setGeometry(class QRect const &)" (__imp_?setGeometry@QWidget@@QEAAXAEBVQRect@@@Z)，函数 "public: void __cdecl Ui_exampleClass::setupUi(class QMainWindow *)" (?setupUi@Ui_exampleClass@@QEAAXPEAVQMainWindow@@@Z) 中引用了该符号
example.obj : error LNK2019: 无法解析的外部符号 "__declspec(dllimport) public: void __cdecl QWidget::addAction(class QAction *)" (__imp_?addAction@QWidget@@QEAAXPEAVQAction@@@Z)，函数 "public: __cdecl example::example(class QWidget *)" (??0example@@QEAA@PEAVQWidget@@@Z) 中引用了该符号
example.obj : error LNK2019: 无法解析的外部符号 "__declspec(dllimport) public: __cdecl QMainWindow::QMainWindow(class QWidget *,class QFlags<enum Qt::WindowType>)" (__imp_??0QMainWindow@@QEAA@PEAVQWidget@@V?$QFlags@W4WindowType@Qt@@@@@Z)，函数 "public: __cdecl example::example(class QWidget *)" (??0example@@QEAA@PEAVQWidget@@@Z) 中引用了该符号
example.obj : error LNK2019: 无法解析的外部符号 "__declspec(dllimport) public: virtual __cdecl QMainWindow::~QMainWindow(void)" (__imp_??1QMainWindow@@UEAA@XZ)，函数 "public: virtual __cdecl example::~example(void)" (??1example@@UEAA@XZ) 中引用了该符号
example.obj : error LNK2019: 无法解析的外部符号 "__declspec(dllimport) public: class QMenuBar * __cdecl QMainWindow::menuBar(void)const " (__imp_?menuBar@QMainWindow@@QEBAPEAVQMenuBar@@XZ)，函数 "public: __cdecl example::example(class QWidget *)" (??0example@@QEAA@PEAVQWidget@@@Z) 中引用了该符号
example.obj : error LNK2019: 无法解析的外部符号 "__declspec(dllimport) public: void __cdecl QMainWindow::setMenuBar(class QMenuBar *)" (__imp_?setMenuBar@QMainWindow@@QEAAXPEAVQMenuBar@@@Z)，函数 "public: void __cdecl Ui_exampleClass::setupUi(class QMainWindow *)" (?setupUi@Ui_exampleClass@@QEAAXPEAVQMainWindow@@@Z) 中引用了该符号
example.obj : error LNK2019: 无法解析的外部符号 "__declspec(dllimport) public: void __cdecl QMainWindow::setStatusBar(class QStatusBar *)" (__imp_?setStatusBar@QMainWindow@@QEAAXPEAVQStatusBar@@@Z)，函数 "public: void __cdecl Ui_exampleClass::setupUi(class QMainWindow *)" (?setupUi@Ui_exampleClass@@QEAAXPEAVQMainWindow@@@Z) 中引用了该符号
example.obj : error LNK2019: 无法解析的外部符号 "__declspec(dllimport) public: void __cdecl QMainWindow::setCentralWidget(class QWidget *)" (__imp_?setCentralWidget@QMainWindow@@QEAAXPEAVQWidget@@@Z)，函数 "public: void __cdecl Ui_exampleClass::setupUi(class QMainWindow *)" (?setupUi@Ui_exampleClass@@QEAAXPEAVQMainWindow@@@Z) 中引用了该符号
example.obj : error LNK2019: 无法解析的外部符号 "__declspec(dllimport) public: void __cdecl QMainWindow::addToolBar(enum Qt::ToolBarArea,class QToolBar *)" (__imp_?addToolBar@QMainWindow@@QEAAXW4ToolBarArea@Qt@@PEAVQToolBar@@@Z)，函数 "public: void __cdecl Ui_exampleClass::setupUi(class QMainWindow *)" (?setupUi@Ui_exampleClass@@QEAAXPEAVQMainWindow@@@Z) 中引用了该符号
example.obj : error LNK2019: 无法解析的外部符号 "__declspec(dllimport) public: class QToolBar * __cdecl QMainWindow::addToolBar(class QString const &)" (__imp_?addToolBar@QMainWindow@@QEAAPEAVQToolBar@@AEBVQString@@@Z)，函数 "public: __cdecl example::example(class QWidget *)" (??0example@@QEAA@PEAVQWidget@@@Z) 中引用了该符号
example.obj : error LNK2019: 无法解析的外部符号 "__declspec(dllimport) public: static enum QMessageBox::StandardButton __cdecl QMessageBox::information(class QWidget *,class QString const &,class QString const &,enum QMessageBox::StandardButton,enum QMessageBox::StandardButton)" (__imp_?information@QMessageBox@@SA?AW4StandardButton@1@PEAVQWidget@@AEBVQString@@1W421@2@Z)，函数 "private: void __cdecl example::hello(void)" (?hello@example@@AEAAXXZ) 中引用了该符号
example.obj : error LNK2019: 无法解析的外部符号 "__declspec(dllimport) public: static class QString __cdecl QCoreApplication::translate(char const *,char const *,char const *,int)" (__imp_?translate@QCoreApplication@@SA?AVQString@@PEBD00H@Z)，函数 "public: void __cdecl Ui_exampleClass::retranslateUi(class QMainWindow *)" (?retranslateUi@Ui_exampleClass@@QEAAXPEAVQMainWindow@@@Z) 中引用了该符号
example.obj : error LNK2019: 无法解析的外部符号 "__declspec(dllimport) public: __cdecl QMenuBar::QMenuBar(class QWidget *)" (__imp_??0QMenuBar@@QEAA@PEAVQWidget@@@Z)，函数 "public: void __cdecl Ui_exampleClass::setupUi(class QMainWindow *)" (?setupUi@Ui_exampleClass@@QEAAXPEAVQMainWindow@@@Z) 中引用了该符号
example.obj : error LNK2019: 无法解析的外部符号 "__declspec(dllimport) public: virtual __cdecl QMenuBar::~QMenuBar(void)" (__imp_??1QMenuBar@@UEAA@XZ)，函数 "public: virtual void * __cdecl QMenuBar::`scalar deleting destructor'(unsigned int)" (??_GQMenuBar@@UEAAPEAXI@Z) 中引用了该符号
example.obj : error LNK2019: 无法解析的外部符号 "__declspec(dllimport) public: class QMenu * __cdecl QMenuBar::addMenu(class QString const &)" (__imp_?addMenu@QMenuBar@@QEAAPEAVQMenu@@AEBVQString@@@Z)，函数 "public: __cdecl example::example(class QWidget *)" (??0example@@QEAA@PEAVQWidget@@@Z) 中引用了该符号
example.obj : error LNK2019: 无法解析的外部符号 "__declspec(dllimport) public: __cdecl QStatusBar::QStatusBar(class QWidget *)" (__imp_??0QStatusBar@@QEAA@PEAVQWidget@@@Z)，函数 "public: void __cdecl Ui_exampleClass::setupUi(class QMainWindow *)" (?setupUi@Ui_exampleClass@@QEAAXPEAVQMainWindow@@@Z) 中引用了该符号
example.obj : error LNK2019: 无法解析的外部符号 "__declspec(dllimport) public: virtual __cdecl QStatusBar::~QStatusBar(void)" (__imp_??1QStatusBar@@UEAA@XZ)，函数 "public: virtual void * __cdecl QStatusBar::`scalar deleting destructor'(unsigned int)" (??_GQStatusBar@@UEAAPEAXI@Z) 中引用了该符号
example.obj : error LNK2019: 无法解析的外部符号 "__declspec(dllimport) public: __cdecl QToolBar::QToolBar(class QWidget *)" (__imp_??0QToolBar@@QEAA@PEAVQWidget@@@Z)，函数 "public: void __cdecl Ui_exampleClass::setupUi(class QMainWindow *)" (?setupUi@Ui_exampleClass@@QEAAXPEAVQMainWindow@@@Z) 中引用了该符号
example.obj : error LNK2019: 无法解析的外部符号 "__declspec(dllimport) public: virtual __cdecl QToolBar::~QToolBar(void)" (__imp_??1QToolBar@@UEAA@XZ)，函数 "public: virtual void * __cdecl QToolBar::`scalar deleting destructor'(unsigned int)" (??_GQToolBar@@UEAAPEAXI@Z) 中引用了该符号
example.obj : error LNK2001: 无法解析的外部符号 "protected: virtual void __cdecl QMenuBar::actionEvent(class QActionEvent *)" (?actionEvent@QMenuBar@@MEAAXPEAVQActionEvent@@@Z)
example.obj : error LNK2001: 无法解析的外部符号 "protected: virtual void __cdecl QToolBar::actionEvent(class QActionEvent *)" (?actionEvent@QToolBar@@MEAAXPEAVQActionEvent@@@Z)
example.obj : error LNK2001: 无法解析的外部符号 "protected: virtual void __cdecl QWidget::actionEvent(class QActionEvent *)" (?actionEvent@QWidget@@MEAAXPEAVQActionEvent@@@Z)
example.obj : error LNK2001: 无法解析的外部符号 "protected: virtual void __cdecl QMenuBar::changeEvent(class QEvent *)" (?changeEvent@QMenuBar@@MEAAXPEAVQEvent@@@Z)
example.obj : error LNK2001: 无法解析的外部符号 "protected: virtual void __cdecl QToolBar::changeEvent(class QEvent *)" (?changeEvent@QToolBar@@MEAAXPEAVQEvent@@@Z)
example.obj : error LNK2001: 无法解析的外部符号 "protected: virtual void __cdecl QWidget::changeEvent(class QEvent *)" (?changeEvent@QWidget@@MEAAXPEAVQEvent@@@Z)
example.obj : error LNK2001: 无法解析的外部符号 "protected: virtual void __cdecl QObject::childEvent(class QChildEvent *)" (?childEvent@QObject@@MEAAXPEAVQChildEvent@@@Z)
example.obj : error LNK2001: 无法解析的外部符号 "protected: virtual void __cdecl QWidget::closeEvent(class QCloseEvent *)" (?closeEvent@QWidget@@MEAAXPEAVQCloseEvent@@@Z)
example.obj : error LNK2001: 无法解析的外部符号 "protected: virtual void __cdecl QObject::connectNotify(class QMetaMethod const &)" (?connectNotify@QObject@@MEAAXAEBVQMetaMethod@@@Z)
example.obj : error LNK2001: 无法解析的外部符号 "protected: virtual void __cdecl QMainWindow::contextMenuEvent(class QContextMenuEvent *)" (?contextMenuEvent@QMainWindow@@MEAAXPEAVQContextMenuEvent@@@Z)
example.obj : error LNK2001: 无法解析的外部符号 "protected: virtual void __cdecl QWidget::contextMenuEvent(class QContextMenuEvent *)" (?contextMenuEvent@QWidget@@MEAAXPEAVQContextMenuEvent@@@Z)
example.obj : error LNK2001: 无法解析的外部符号 "public: virtual class QMenu * __cdecl QMainWindow::createPopupMenu(void)" (?createPopupMenu@QMainWindow@@UEAAPEAVQMenu@@XZ)
example.obj : error LNK2001: 无法解析的外部符号 "protected: virtual void __cdecl QObject::customEvent(class QEvent *)" (?customEvent@QObject@@MEAAXPEAVQEvent@@@Z)
example.obj : error LNK2001: 无法解析的外部符号 "public: virtual int __cdecl QWidget::devType(void)const " (?devType@QWidget@@UEBAHXZ)
example.obj : error LNK2001: 无法解析的外部符号 "protected: virtual void __cdecl QObject::disconnectNotify(class QMetaMethod const &)" (?disconnectNotify@QObject@@MEAAXAEBVQMetaMethod@@@Z)
example.obj : error LNK2001: 无法解析的外部符号 "protected: virtual void __cdecl QWidget::dragEnterEvent(class QDragEnterEvent *)" (?dragEnterEvent@QWidget@@MEAAXPEAVQDragEnterEvent@@@Z)
example.obj : error LNK2001: 无法解析的外部符号 "protected: virtual void __cdecl QWidget::dragLeaveEvent(class QDragLeaveEvent *)" (?dragLeaveEvent@QWidget@@MEAAXPEAVQDragLeaveEvent@@@Z)
example.obj : error LNK2001: 无法解析的外部符号 "protected: virtual void __cdecl QWidget::dragMoveEvent(class QDragMoveEvent *)" (?dragMoveEvent@QWidget@@MEAAXPEAVQDragMoveEvent@@@Z)
example.obj : error LNK2001: 无法解析的外部符号 "protected: virtual void __cdecl QWidget::dropEvent(class QDropEvent *)" (?dropEvent@QWidget@@MEAAXPEAVQDropEvent@@@Z)
example.obj : error LNK2001: 无法解析的外部符号 "protected: virtual void __cdecl QWidget::enterEvent(class QEnterEvent *)" (?enterEvent@QWidget@@MEAAXPEAVQEnterEvent@@@Z)
example.obj : error LNK2001: 无法解析的外部符号 "protected: virtual bool __cdecl QAction::event(class QEvent *)" (?event@QAction@@MEAA_NPEAVQEvent@@@Z)
example.obj : error LNK2001: 无法解析的外部符号 "protected: virtual bool __cdecl QMainWindow::event(class QEvent *)" (?event@QMainWindow@@MEAA_NPEAVQEvent@@@Z)
example.obj : error LNK2001: 无法解析的外部符号 "protected: virtual bool __cdecl QMenuBar::event(class QEvent *)" (?event@QMenuBar@@MEAA_NPEAVQEvent@@@Z)
example.obj : error LNK2001: 无法解析的外部符号 "protected: virtual bool __cdecl QStatusBar::event(class QEvent *)" (?event@QStatusBar@@MEAA_NPEAVQEvent@@@Z)
example.obj : error LNK2001: 无法解析的外部符号 "protected: virtual bool __cdecl QToolBar::event(class QEvent *)" (?event@QToolBar@@MEAA_NPEAVQEvent@@@Z)
example.obj : error LNK2001: 无法解析的外部符号 "protected: virtual bool __cdecl QWidget::event(class QEvent *)" (?event@QWidget@@MEAA_NPEAVQEvent@@@Z)
example.obj : error LNK2001: 无法解析的外部符号 "protected: virtual bool __cdecl QMenuBar::eventFilter(class QObject *,class QEvent *)" (?eventFilter@QMenuBar@@MEAA_NPEAVQObject@@PEAVQEvent@@@Z)
example.obj : error LNK2001: 无法解析的外部符号 "public: virtual bool __cdecl QObject::eventFilter(class QObject *,class QEvent *)" (?eventFilter@QObject@@UEAA_NPEAV1@PEAVQEvent@@@Z)
example.obj : error LNK2001: 无法解析的外部符号 "protected: virtual void __cdecl QMenuBar::focusInEvent(class QFocusEvent *)" (?focusInEvent@QMenuBar@@MEAAXPEAVQFocusEvent@@@Z)
example.obj : error LNK2001: 无法解析的外部符号 "protected: virtual void __cdecl QWidget::focusInEvent(class QFocusEvent *)" (?focusInEvent@QWidget@@MEAAXPEAVQFocusEvent@@@Z)
example.obj : error LNK2001: 无法解析的外部符号 "protected: virtual bool __cdecl QWidget::focusNextPrevChild(bool)" (?focusNextPrevChild@QWidget@@MEAA_N_N@Z)
example.obj : error LNK2001: 无法解析的外部符号 "protected: virtual void __cdecl QMenuBar::focusOutEvent(class QFocusEvent *)" (?focusOutEvent@QMenuBar@@MEAAXPEAVQFocusEvent@@@Z)
example.obj : error LNK2001: 无法解析的外部符号 "protected: virtual void __cdecl QWidget::focusOutEvent(class QFocusEvent *)" (?focusOutEvent@QWidget@@MEAAXPEAVQFocusEvent@@@Z)
example.obj : error LNK2001: 无法解析的外部符号 "public: virtual bool __cdecl QWidget::hasHeightForWidth(void)const " (?hasHeightForWidth@QWidget@@UEBA_NXZ)
example.obj : error LNK2001: 无法解析的外部符号 "public: virtual int __cdecl QMenuBar::heightForWidth(int)const " (?heightForWidth@QMenuBar@@UEBAHH@Z)
example.obj : error LNK2001: 无法解析的外部符号 "public: virtual int __cdecl QWidget::heightForWidth(int)const " (?heightForWidth@QWidget@@UEBAHH@Z)
example.obj : error LNK2001: 无法解析的外部符号 "protected: virtual void __cdecl QWidget::hideEvent(class QHideEvent *)" (?hideEvent@QWidget@@MEAAXPEAVQHideEvent@@@Z)
example.obj : error LNK2001: 无法解析的外部符号 "protected: virtual void __cdecl QWidget::initPainter(class QPainter *)const " (?initPainter@QWidget@@MEBAXPEAVQPainter@@@Z)
example.obj : error LNK2001: 无法解析的外部符号 "protected: virtual void __cdecl QMenuBar::initStyleOption(class QStyleOptionMenuItem *,class QAction const *)const " (?initStyleOption@QMenuBar@@MEBAXPEAVQStyleOptionMenuItem@@PEBVQAction@@@Z)
example.obj : error LNK2001: 无法解析的外部符号 "protected: virtual void __cdecl QToolBar::initStyleOption(class QStyleOptionToolBar *)const " (?initStyleOption@QToolBar@@MEBAXPEAVQStyleOptionToolBar@@@Z)
example.obj : error LNK2001: 无法解析的外部符号 "protected: virtual void __cdecl QWidget::inputMethodEvent(class QInputMethodEvent *)" (?inputMethodEvent@QWidget@@MEAAXPEAVQInputMethodEvent@@@Z)
example.obj : error LNK2001: 无法解析的外部符号 "public: virtual class QVariant __cdecl QWidget::inputMethodQuery(enum Qt::InputMethodQuery)const " (?inputMethodQuery@QWidget@@UEBA?AVQVariant@@W4InputMethodQuery@Qt@@@Z)
example.obj : error LNK2001: 无法解析的外部符号 "protected: virtual void __cdecl QMenuBar::keyPressEvent(class QKeyEvent *)" (?keyPressEvent@QMenuBar@@MEAAXPEAVQKeyEvent@@@Z)
example.obj : error LNK2001: 无法解析的外部符号 "protected: virtual void __cdecl QWidget::keyPressEvent(class QKeyEvent *)" (?keyPressEvent@QWidget@@MEAAXPEAVQKeyEvent@@@Z)
example.obj : error LNK2001: 无法解析的外部符号 "protected: virtual void __cdecl QWidget::keyReleaseEvent(class QKeyEvent *)" (?keyReleaseEvent@QWidget@@MEAAXPEAVQKeyEvent@@@Z)
example.obj : error LNK2001: 无法解析的外部符号 "protected: virtual void __cdecl QMenuBar::leaveEvent(class QEvent *)" (?leaveEvent@QMenuBar@@MEAAXPEAVQEvent@@@Z)
example.obj : error LNK2001: 无法解析的外部符号 "protected: virtual void __cdecl QWidget::leaveEvent(class QEvent *)" (?leaveEvent@QWidget@@MEAAXPEAVQEvent@@@Z)
example.obj : error LNK2001: 无法解析的外部符号 "public: virtual struct QMetaObject const * __cdecl QAction::metaObject(void)const " (?metaObject@QAction@@UEBAPEBUQMetaObject@@XZ)
example.obj : error LNK2001: 无法解析的外部符号 "public: virtual struct QMetaObject const * __cdecl QMenuBar::metaObject(void)const " (?metaObject@QMenuBar@@UEBAPEBUQMetaObject@@XZ)
example.obj : error LNK2001: 无法解析的外部符号 "public: virtual struct QMetaObject const * __cdecl QStatusBar::metaObject(void)const " (?metaObject@QStatusBar@@UEBAPEBUQMetaObject@@XZ)
example.obj : error LNK2001: 无法解析的外部符号 "public: virtual struct QMetaObject const * __cdecl QToolBar::metaObject(void)const " (?metaObject@QToolBar@@UEBAPEBUQMetaObject@@XZ)
example.obj : error LNK2001: 无法解析的外部符号 "public: virtual struct QMetaObject const * __cdecl QWidget::metaObject(void)const " (?metaObject@QWidget@@UEBAPEBUQMetaObject@@XZ)
example.obj : error LNK2001: 无法解析的外部符号 "protected: virtual int __cdecl QWidget::metric(enum QPaintDevice::PaintDeviceMetric)const " (?metric@QWidget@@MEBAHW4PaintDeviceMetric@QPaintDevice@@@Z)
example.obj : error LNK2001: 无法解析的外部符号 "public: virtual class QSize __cdecl QMenuBar::minimumSizeHint(void)const " (?minimumSizeHint@QMenuBar@@UEBA?AVQSize@@XZ)
example.obj : error LNK2001: 无法解析的外部符号 "public: virtual class QSize __cdecl QWidget::minimumSizeHint(void)const " (?minimumSizeHint@QWidget@@UEBA?AVQSize@@XZ)
example.obj : error LNK2001: 无法解析的外部符号 "protected: virtual void __cdecl QWidget::mouseDoubleClickEvent(class QMouseEvent *)" (?mouseDoubleClickEvent@QWidget@@MEAAXPEAVQMouseEvent@@@Z)
example.obj : error LNK2001: 无法解析的外部符号 "protected: virtual void __cdecl QMenuBar::mouseMoveEvent(class QMouseEvent *)" (?mouseMoveEvent@QMenuBar@@MEAAXPEAVQMouseEvent@@@Z)
example.obj : error LNK2001: 无法解析的外部符号 "protected: virtual void __cdecl QWidget::mouseMoveEvent(class QMouseEvent *)" (?mouseMoveEvent@QWidget@@MEAAXPEAVQMouseEvent@@@Z)
example.obj : error LNK2001: 无法解析的外部符号 "protected: virtual void __cdecl QMenuBar::mousePressEvent(class QMouseEvent *)" (?mousePressEvent@QMenuBar@@MEAAXPEAVQMouseEvent@@@Z)
example.obj : error LNK2001: 无法解析的外部符号 "protected: virtual void __cdecl QWidget::mousePressEvent(class QMouseEvent *)" (?mousePressEvent@QWidget@@MEAAXPEAVQMouseEvent@@@Z)
example.obj : error LNK2001: 无法解析的外部符号 "protected: virtual void __cdecl QMenuBar::mouseReleaseEvent(class QMouseEvent *)" (?mouseReleaseEvent@QMenuBar@@MEAAXPEAVQMouseEvent@@@Z)
example.obj : error LNK2001: 无法解析的外部符号 "protected: virtual void __cdecl QWidget::mouseReleaseEvent(class QMouseEvent *)" (?mouseReleaseEvent@QWidget@@MEAAXPEAVQMouseEvent@@@Z)
example.obj : error LNK2001: 无法解析的外部符号 "protected: virtual void __cdecl QWidget::moveEvent(class QMoveEvent *)" (?moveEvent@QWidget@@MEAAXPEAVQMoveEvent@@@Z)
example.obj : error LNK2001: 无法解析的外部符号 "protected: virtual bool __cdecl QWidget::nativeEvent(class QByteArray const &,void *,__int64 *)" (?nativeEvent@QWidget@@MEAA_NAEBVQByteArray@@PEAXPEA_J@Z)
example.obj : error LNK2001: 无法解析的外部符号 "public: virtual class QPaintEngine * __cdecl QWidget::paintEngine(void)const " (?paintEngine@QWidget@@UEBAPEAVQPaintEngine@@XZ)
example.obj : error LNK2001: 无法解析的外部符号 "protected: virtual void __cdecl QMenuBar::paintEvent(class QPaintEvent *)" (?paintEvent@QMenuBar@@MEAAXPEAVQPaintEvent@@@Z)
example.obj : error LNK2001: 无法解析的外部符号 "protected: virtual void __cdecl QStatusBar::paintEvent(class QPaintEvent *)" (?paintEvent@QStatusBar@@MEAAXPEAVQPaintEvent@@@Z)
example.obj : error LNK2001: 无法解析的外部符号 "protected: virtual void __cdecl QToolBar::paintEvent(class QPaintEvent *)" (?paintEvent@QToolBar@@MEAAXPEAVQPaintEvent@@@Z)
example.obj : error LNK2001: 无法解析的外部符号 "protected: virtual void __cdecl QWidget::paintEvent(class QPaintEvent *)" (?paintEvent@QWidget@@MEAAXPEAVQPaintEvent@@@Z)
example.obj : error LNK2001: 无法解析的外部符号 "public: virtual int __cdecl QAction::qt_metacall(enum QMetaObject::Call,int,void * *)" (?qt_metacall@QAction@@UEAAHW4Call@QMetaObject@@HPEAPEAX@Z)
example.obj : error LNK2001: 无法解析的外部符号 "public: virtual int __cdecl QMenuBar::qt_metacall(enum QMetaObject::Call,int,void * *)" (?qt_metacall@QMenuBar@@UEAAHW4Call@QMetaObject@@HPEAPEAX@Z)
example.obj : error LNK2001: 无法解析的外部符号 "public: virtual int __cdecl QStatusBar::qt_metacall(enum QMetaObject::Call,int,void * *)" (?qt_metacall@QStatusBar@@UEAAHW4Call@QMetaObject@@HPEAPEAX@Z)
example.obj : error LNK2001: 无法解析的外部符号 "public: virtual int __cdecl QToolBar::qt_metacall(enum QMetaObject::Call,int,void * *)" (?qt_metacall@QToolBar@@UEAAHW4Call@QMetaObject@@HPEAPEAX@Z)
example.obj : error LNK2001: 无法解析的外部符号 "public: virtual int __cdecl QWidget::qt_metacall(enum QMetaObject::Call,int,void * *)" (?qt_metacall@QWidget@@UEAAHW4Call@QMetaObject@@HPEAPEAX@Z)
example.obj : error LNK2001: 无法解析的外部符号 "public: virtual void * __cdecl QAction::qt_metacast(char const *)" (?qt_metacast@QAction@@UEAAPEAXPEBD@Z)
example.obj : error LNK2001: 无法解析的外部符号 "public: virtual void * __cdecl QMenuBar::qt_metacast(char const *)" (?qt_metacast@QMenuBar@@UEAAPEAXPEBD@Z)
example.obj : error LNK2001: 无法解析的外部符号 "public: virtual void * __cdecl QStatusBar::qt_metacast(char const *)" (?qt_metacast@QStatusBar@@UEAAPEAXPEBD@Z)
example.obj : error LNK2001: 无法解析的外部符号 "public: virtual void * __cdecl QToolBar::qt_metacast(char const *)" (?qt_metacast@QToolBar@@UEAAPEAXPEBD@Z)
example.obj : error LNK2001: 无法解析的外部符号 "public: virtual void * __cdecl QWidget::qt_metacast(char const *)" (?qt_metacast@QWidget@@UEAAPEAXPEBD@Z)
example.obj : error LNK2001: 无法解析的外部符号 "protected: virtual class QPaintDevice * __cdecl QWidget::redirected(class QPoint *)const " (?redirected@QWidget@@MEBAPEAVQPaintDevice@@PEAVQPoint@@@Z)
example.obj : error LNK2001: 无法解析的外部符号 "protected: virtual void __cdecl QMenuBar::resizeEvent(class QResizeEvent *)" (?resizeEvent@QMenuBar@@MEAAXPEAVQResizeEvent@@@Z)
example.obj : error LNK2001: 无法解析的外部符号 "protected: virtual void __cdecl QStatusBar::resizeEvent(class QResizeEvent *)" (?resizeEvent@QStatusBar@@MEAAXPEAVQResizeEvent@@@Z)
example.obj : error LNK2001: 无法解析的外部符号 "protected: virtual void __cdecl QWidget::resizeEvent(class QResizeEvent *)" (?resizeEvent@QWidget@@MEAAXPEAVQResizeEvent@@@Z)
example.obj : error LNK2001: 无法解析的外部符号 "public: virtual void __cdecl QMenuBar::setVisible(bool)" (?setVisible@QMenuBar@@UEAAX_N@Z)
example.obj : error LNK2001: 无法解析的外部符号 "public: virtual void __cdecl QWidget::setVisible(bool)" (?setVisible@QWidget@@UEAAX_N@Z)
example.obj : error LNK2001: 无法解析的外部符号 "protected: virtual class QPainter * __cdecl QWidget::sharedPainter(void)const " (?sharedPainter@QWidget@@MEBAPEAVQPainter@@XZ)
example.obj : error LNK2001: 无法解析的外部符号 "protected: virtual void __cdecl QStatusBar::showEvent(class QShowEvent *)" (?showEvent@QStatusBar@@MEAAXPEAVQShowEvent@@@Z)
example.obj : error LNK2001: 无法解析的外部符号 "protected: virtual void __cdecl QWidget::showEvent(class QShowEvent *)" (?showEvent@QWidget@@MEAAXPEAVQShowEvent@@@Z)
example.obj : error LNK2001: 无法解析的外部符号 "public: virtual class QSize __cdecl QMenuBar::sizeHint(void)const " (?sizeHint@QMenuBar@@UEBA?AVQSize@@XZ)
example.obj : error LNK2001: 无法解析的外部符号 "public: virtual class QSize __cdecl QWidget::sizeHint(void)const " (?sizeHint@QWidget@@UEBA?AVQSize@@XZ)
example.obj : error LNK2001: 无法解析的外部符号 "protected: virtual void __cdecl QWidget::tabletEvent(class QTabletEvent *)" (?tabletEvent@QWidget@@MEAAXPEAVQTabletEvent@@@Z)
example.obj : error LNK2001: 无法解析的外部符号 "protected: virtual void __cdecl QMenuBar::timerEvent(class QTimerEvent *)" (?timerEvent@QMenuBar@@MEAAXPEAVQTimerEvent@@@Z)
example.obj : error LNK2001: 无法解析的外部符号 "protected: virtual void __cdecl QObject::timerEvent(class QTimerEvent *)" (?timerEvent@QObject@@MEAAXPEAVQTimerEvent@@@Z)
example.obj : error LNK2001: 无法解析的外部符号 "protected: virtual void __cdecl QWidget::wheelEvent(class QWheelEvent *)" (?wheelEvent@QWidget@@MEAAXPEAVQWheelEvent@@@Z)
example.obj : error LNK2019: 无法解析的外部符号 "__declspec(dllimport) public: static struct QMetaObject const QAction::staticMetaObject" (__imp_?staticMetaObject@QAction@@2UQMetaObject@@B)，函数 "public: static class QMetaObject::Connection __cdecl QObject::connect<void (__cdecl QAction::*)(bool),void (__cdecl example::*)(void)>(class QAction const *,void (__cdecl QAction::*)(bool),class example const *,void (__cdecl example::*)(void),enum Qt::ConnectionType)" (??$connect@P8QAction@@EAAX_N@ZP8example@@EAAXXZ@QObject@@SA?AVConnection@QMetaObject@@PEBVQAction@@P83@EAAX_N@ZPEBVexample@@P84@EAAXXZW4ConnectionType@Qt@@@Z) 中引用了该符号
main.obj : error LNK2019: 无法解析的外部符号 "__declspec(dllimport) public: void __cdecl QWidget::show(void)" (__imp_?show@QWidget@@QEAAXXZ)，函数 main 中引用了该符号
main.obj : error LNK2019: 无法解析的外部符号 "__declspec(dllimport) public: __cdecl QApplication::QApplication(int &,char * *,int)" (__imp_??0QApplication@@QEAA@AEAHPEAPEADH@Z)，函数 main 中引用了该符号
main.obj : error LNK2019: 无法解析的外部符号 "__declspec(dllimport) public: virtual __cdecl QApplication::~QApplication(void)" (__imp_??1QApplication@@UEAA@XZ)，函数 main 中引用了该符号
main.obj : error LNK2019: 无法解析的外部符号 "__declspec(dllimport) public: static int __cdecl QApplication::exec(void)" (__imp_?exec@QApplication@@SAHXZ)，函数 main 中引用了该符号
D:\STUDY\CG2020\Homeworks\1_MiniDraw\documents\example\bin\QtExample_exampled.exe : fatal error LNK1120: 146 个无法解析的外部命令
