  Automatic MOC and UIC for target QtExample_hello
  mainwindow.cpp
D:\STUDY\CG2020\Homeworks\1_MiniDraw\documents\hello\src\hello\mainwindow.cpp(1,1): warning C4828: 文件包含在偏移 0x1eb 处开始的字符，该字符在当前源字符集中无效(代码页 65001)。
D:\STUDY\CG2020\Homeworks\1_MiniDraw\documents\hello\src\hello\mainwindow.cpp(1,1): warning C4828: 文件包含在偏移 0x1ec 处开始的字符，该字符在当前源字符集中无效(代码页 65001)。
D:\STUDY\CG2020\Homeworks\1_MiniDraw\documents\hello\src\hello\mainwindow.cpp(1,1): warning C4828: 文件包含在偏移 0x1ed 处开始的字符，该字符在当前源字符集中无效(代码页 65001)。
D:\STUDY\CG2020\Homeworks\1_MiniDraw\documents\hello\src\hello\mainwindow.cpp(1,1): warning C4828: 文件包含在偏移 0x1ee 处开始的字符，该字符在当前源字符集中无效(代码页 65001)。
D:\STUDY\CG2020\Homeworks\1_MiniDraw\documents\hello\src\hello\mainwindow.cpp(1,1): warning C4828: 文件包含在偏移 0x1ef 处开始的字符，该字符在当前源字符集中无效(代码页 65001)。
D:\STUDY\CG2020\Homeworks\1_MiniDraw\documents\hello\src\hello\mainwindow.cpp(1,1): warning C4828: 文件包含在偏移 0x1f0 处开始的字符，该字符在当前源字符集中无效(代码页 65001)。
D:\STUDY\CG2020\Homeworks\1_MiniDraw\documents\hello\src\hello\mainwindow.cpp(1,1): warning C4828: 文件包含在偏移 0x1f1 处开始的字符，该字符在当前源字符集中无效(代码页 65001)。
D:\STUDY\CG2020\Homeworks\1_MiniDraw\documents\hello\src\hello\mainwindow.cpp(1,1): warning C4828: 文件包含在偏移 0x1f3 处开始的字符，该字符在当前源字符集中无效(代码页 65001)。
D:\STUDY\CG2020\Homeworks\1_MiniDraw\documents\hello\src\hello\mainwindow.cpp(1,1): warning C4828: 文件包含在偏移 0x1f4 处开始的字符，该字符在当前源字符集中无效(代码页 65001)。
D:\STUDY\CG2020\Homeworks\1_MiniDraw\documents\hello\src\hello\mainwindow.cpp(1,1): warning C4828: 文件包含在偏移 0x1f5 处开始的字符，该字符在当前源字符集中无效(代码页 65001)。
D:\STUDY\CG2020\Homeworks\1_MiniDraw\documents\hello\src\hello\mainwindow.cpp(1,1): warning C4828: 文件包含在偏移 0x1f6 处开始的字符，该字符在当前源字符集中无效(代码页 65001)。
D:\STUDY\CG2020\Homeworks\1_MiniDraw\documents\hello\src\hello\mainwindow.cpp(1,1): warning C4828: 文件包含在偏移 0x210 处开始的字符，该字符在当前源字符集中无效(代码页 65001)。
D:\STUDY\CG2020\Homeworks\1_MiniDraw\documents\hello\src\hello\mainwindow.cpp(1,1): warning C4828: 文件包含在偏移 0x211 处开始的字符，该字符在当前源字符集中无效(代码页 65001)。
D:\STUDY\CG2020\Homeworks\1_MiniDraw\documents\hello\src\hello\mainwindow.cpp(1,1): warning C4828: 文件包含在偏移 0x213 处开始的字符，该字符在当前源字符集中无效(代码页 65001)。
D:\STUDY\CG2020\Homeworks\1_MiniDraw\documents\hello\src\hello\mainwindow.cpp(1,1): warning C4828: 文件包含在偏移 0x217 处开始的字符，该字符在当前源字符集中无效(代码页 65001)。
D:\STUDY\CG2020\Homeworks\1_MiniDraw\documents\hello\src\hello\mainwindow.cpp(1,1): warning C4828: 文件包含在偏移 0x218 处开始的字符，该字符在当前源字符集中无效(代码页 65001)。
D:\STUDY\CG2020\Homeworks\1_MiniDraw\documents\hello\src\hello\mainwindow.cpp(1,1): warning C4828: 文件包含在偏移 0x21a 处开始的字符，该字符在当前源字符集中无效(代码页 65001)。
D:\STUDY\CG2020\Homeworks\1_MiniDraw\documents\hello\src\hello\mainwindow.cpp(1,1): warning C4828: 文件包含在偏移 0x21c 处开始的字符，该字符在当前源字符集中无效(代码页 65001)。
D:\STUDY\CG2020\Homeworks\1_MiniDraw\documents\hello\src\hello\mainwindow.cpp(1,1): warning C4828: 文件包含在偏移 0x21f 处开始的字符，该字符在当前源字符集中无效(代码页 65001)。
D:\STUDY\CG2020\Homeworks\1_MiniDraw\documents\hello\src\hello\mainwindow.cpp(1,1): warning C4828: 文件包含在偏移 0x220 处开始的字符，该字符在当前源字符集中无效(代码页 65001)。
D:\STUDY\CG2020\Homeworks\1_MiniDraw\documents\hello\src\hello\mainwindow.cpp(1,1): warning C4828: 文件包含在偏移 0x222 处开始的字符，该字符在当前源字符集中无效(代码页 65001)。
D:\STUDY\CG2020\Homeworks\1_MiniDraw\documents\hello\src\hello\mainwindow.cpp(1,1): warning C4828: 文件包含在偏移 0x225 处开始的字符，该字符在当前源字符集中无效(代码页 65001)。
D:\STUDY\CG2020\Homeworks\1_MiniDraw\documents\hello\src\hello\mainwindow.cpp(1,1): warning C4828: 文件包含在偏移 0x228 处开始的字符，该字符在当前源字符集中无效(代码页 65001)。
D:\STUDY\CG2020\Homeworks\1_MiniDraw\documents\hello\src\hello\mainwindow.cpp(1,1): warning C4828: 文件包含在偏移 0x229 处开始的字符，该字符在当前源字符集中无效(代码页 65001)。
D:\STUDY\CG2020\Homeworks\1_MiniDraw\documents\hello\src\hello\mainwindow.cpp(1,1): warning C4828: 文件包含在偏移 0x22c 处开始的字符，该字符在当前源字符集中无效(代码页 65001)。
D:\STUDY\CG2020\Homeworks\1_MiniDraw\documents\hello\src\hello\mainwindow.cpp(1,1): warning C4828: 文件包含在偏移 0x22d 处开始的字符，该字符在当前源字符集中无效(代码页 65001)。
D:\STUDY\CG2020\Homeworks\1_MiniDraw\documents\hello\src\hello\mainwindow.cpp(1,1): warning C4828: 文件包含在偏移 0x230 处开始的字符，该字符在当前源字符集中无效(代码页 65001)。
D:\STUDY\CG2020\Homeworks\1_MiniDraw\documents\hello\src\hello\mainwindow.cpp(1,1): warning C4828: 文件包含在偏移 0x232 处开始的字符，该字符在当前源字符集中无效(代码页 65001)。
D:\STUDY\CG2020\Homeworks\1_MiniDraw\documents\hello\src\hello\mainwindow.cpp(1,1): warning C4828: 文件包含在偏移 0x233 处开始的字符，该字符在当前源字符集中无效(代码页 65001)。
D:\STUDY\CG2020\Homeworks\1_MiniDraw\documents\hello\src\hello\mainwindow.cpp(1,1): warning C4828: 文件包含在偏移 0x234 处开始的字符，该字符在当前源字符集中无效(代码页 65001)。
D:\STUDY\CG2020\Homeworks\1_MiniDraw\documents\hello\src\hello\mainwindow.cpp(1,1): warning C4828: 文件包含在偏移 0x235 处开始的字符，该字符在当前源字符集中无效(代码页 65001)。
D:\STUDY\CG2020\Homeworks\1_MiniDraw\documents\hello\src\hello\mainwindow.cpp(1,1): warning C4828: 文件包含在偏移 0x236 处开始的字符，该字符在当前源字符集中无效(代码页 65001)。
D:\STUDY\CG2020\Homeworks\1_MiniDraw\documents\hello\src\hello\mainwindow.cpp(1,1): warning C4828: 文件包含在偏移 0x237 处开始的字符，该字符在当前源字符集中无效(代码页 65001)。
D:\STUDY\CG2020\Homeworks\1_MiniDraw\documents\hello\src\hello\mainwindow.cpp(1,1): warning C4828: 文件包含在偏移 0x239 处开始的字符，该字符在当前源字符集中无效(代码页 65001)。
D:\STUDY\CG2020\Homeworks\1_MiniDraw\documents\hello\src\hello\mainwindow.cpp(1,1): warning C4828: 文件包含在偏移 0x23b 处开始的字符，该字符在当前源字符集中无效(代码页 65001)。
D:\STUDY\CG2020\Homeworks\1_MiniDraw\documents\hello\src\hello\mainwindow.cpp(1,1): warning C4828: 文件包含在偏移 0x23d 处开始的字符，该字符在当前源字符集中无效(代码页 65001)。
D:\STUDY\CG2020\Homeworks\1_MiniDraw\documents\hello\src\hello\mainwindow.cpp(1,1): warning C4828: 文件包含在偏移 0x23e 处开始的字符，该字符在当前源字符集中无效(代码页 65001)。
D:\STUDY\CG2020\Homeworks\1_MiniDraw\documents\hello\src\hello\mainwindow.cpp(1,1): warning C4828: 文件包含在偏移 0x23f 处开始的字符，该字符在当前源字符集中无效(代码页 65001)。
D:\STUDY\CG2020\Homeworks\1_MiniDraw\documents\hello\src\hello\mainwindow.cpp(1,1): warning C4828: 文件包含在偏移 0x240 处开始的字符，该字符在当前源字符集中无效(代码页 65001)。
D:\STUDY\CG2020\Homeworks\1_MiniDraw\documents\hello\src\hello\mainwindow.cpp(1,1): warning C4828: 文件包含在偏移 0x241 处开始的字符，该字符在当前源字符集中无效(代码页 65001)。
D:\STUDY\CG2020\Homeworks\1_MiniDraw\documents\hello\src\hello\mainwindow.cpp(1,1): warning C4828: 文件包含在偏移 0x243 处开始的字符，该字符在当前源字符集中无效(代码页 65001)。
D:\STUDY\CG2020\Homeworks\1_MiniDraw\documents\hello\src\hello\mainwindow.cpp(1,1): warning C4828: 文件包含在偏移 0x2cd 处开始的字符，该字符在当前源字符集中无效(代码页 65001)。
D:\STUDY\CG2020\Homeworks\1_MiniDraw\documents\hello\src\hello\mainwindow.cpp(1,1): warning C4828: 文件包含在偏移 0x2ce 处开始的字符，该字符在当前源字符集中无效(代码页 65001)。
D:\STUDY\CG2020\Homeworks\1_MiniDraw\documents\hello\src\hello\mainwindow.cpp(1,1): warning C4828: 文件包含在偏移 0x2cf 处开始的字符，该字符在当前源字符集中无效(代码页 65001)。
D:\STUDY\CG2020\Homeworks\1_MiniDraw\documents\hello\src\hello\mainwindow.cpp(1,1): warning C4828: 文件包含在偏移 0x2d0 处开始的字符，该字符在当前源字符集中无效(代码页 65001)。
D:\STUDY\CG2020\Homeworks\1_MiniDraw\documents\hello\src\hello\mainwindow.cpp(1,1): warning C4828: 文件包含在偏移 0x2d1 处开始的字符，该字符在当前源字符集中无效(代码页 65001)。
D:\STUDY\CG2020\Homeworks\1_MiniDraw\documents\hello\src\hello\mainwindow.cpp(1,1): warning C4828: 文件包含在偏移 0x2d4 处开始的字符，该字符在当前源字符集中无效(代码页 65001)。
D:\STUDY\CG2020\Homeworks\1_MiniDraw\documents\hello\src\hello\mainwindow.cpp(1,1): warning C4828: 文件包含在偏移 0x2d5 处开始的字符，该字符在当前源字符集中无效(代码页 65001)。
D:\STUDY\CG2020\Homeworks\1_MiniDraw\documents\hello\src\hello\mainwindow.cpp(1,1): warning C4828: 文件包含在偏移 0x2d6 处开始的字符，该字符在当前源字符集中无效(代码页 65001)。
D:\STUDY\CG2020\Homeworks\1_MiniDraw\documents\hello\src\hello\mainwindow.cpp(1,1): warning C4828: 文件包含在偏移 0x2d7 处开始的字符，该字符在当前源字符集中无效(代码页 65001)。
D:\STUDY\CG2020\Homeworks\1_MiniDraw\documents\hello\src\hello\mainwindow.cpp(1,1): warning C4828: 文件包含在偏移 0x2d8 处开始的字符，该字符在当前源字符集中无效(代码页 65001)。
D:\STUDY\CG2020\Homeworks\1_MiniDraw\documents\hello\src\hello\mainwindow.h(1,1): warning C4828: 文件包含在偏移 0x168 处开始的字符，该字符在当前源字符集中无效(代码页 65001)。
D:\STUDY\CG2020\Homeworks\1_MiniDraw\documents\hello\src\hello\mainwindow.h(1,1): warning C4828: 文件包含在偏移 0x16a 处开始的字符，该字符在当前源字符集中无效(代码页 65001)。
D:\STUDY\CG2020\Homeworks\1_MiniDraw\documents\hello\src\hello\mainwindow.h(1,1): warning C4828: 文件包含在偏移 0x16c 处开始的字符，该字符在当前源字符集中无效(代码页 65001)。
D:\STUDY\CG2020\Homeworks\1_MiniDraw\documents\hello\src\hello\mainwindow.h(1,1): warning C4828: 文件包含在偏移 0x16d 处开始的字符，该字符在当前源字符集中无效(代码页 65001)。
D:\STUDY\CG2020\Homeworks\1_MiniDraw\documents\hello\src\hello\mainwindow.h(1,1): warning C4828: 文件包含在偏移 0x16e 处开始的字符，该字符在当前源字符集中无效(代码页 65001)。
D:\STUDY\CG2020\Homeworks\1_MiniDraw\documents\hello\src\hello\mainwindow.h(1,1): warning C4828: 文件包含在偏移 0x18a 处开始的字符，该字符在当前源字符集中无效(代码页 65001)。
D:\STUDY\CG2020\Homeworks\1_MiniDraw\documents\hello\src\hello\mainwindow.h(1,1): warning C4828: 文件包含在偏移 0x18c 处开始的字符，该字符在当前源字符集中无效(代码页 65001)。
D:\STUDY\CG2020\Homeworks\1_MiniDraw\documents\hello\src\hello\mainwindow.h(1,1): warning C4828: 文件包含在偏移 0x18e 处开始的字符，该字符在当前源字符集中无效(代码页 65001)。
D:\STUDY\CG2020\Homeworks\1_MiniDraw\documents\hello\src\hello\mainwindow.h(1,1): warning C4828: 文件包含在偏移 0x191 处开始的字符，该字符在当前源字符集中无效(代码页 65001)。
D:\STUDY\CG2020\Homeworks\1_MiniDraw\documents\hello\src\hello\mainwindow.h(1,1): warning C4828: 文件包含在偏移 0x1b3 处开始的字符，该字符在当前源字符集中无效(代码页 65001)。
D:\STUDY\CG2020\Homeworks\1_MiniDraw\documents\hello\src\hello\mainwindow.h(1,1): warning C4828: 文件包含在偏移 0x1b5 处开始的字符，该字符在当前源字符集中无效(代码页 65001)。
D:\STUDY\CG2020\Homeworks\1_MiniDraw\documents\hello\src\hello\mainwindow.h(1,1): warning C4828: 文件包含在偏移 0x1b7 处开始的字符，该字符在当前源字符集中无效(代码页 65001)。
D:\STUDY\CG2020\Homeworks\1_MiniDraw\documents\hello\src\hello\mainwindow.h(1,1): warning C4828: 文件包含在偏移 0x1b8 处开始的字符，该字符在当前源字符集中无效(代码页 65001)。
D:\STUDY\CG2020\Homeworks\1_MiniDraw\documents\hello\src\hello\mainwindow.h(1,1): warning C4828: 文件包含在偏移 0x1b9 处开始的字符，该字符在当前源字符集中无效(代码页 65001)。
D:\STUDY\CG2020\Homeworks\1_MiniDraw\documents\hello\src\hello\mainwindow.h(1,1): warning C4828: 文件包含在偏移 0x1ba 处开始的字符，该字符在当前源字符集中无效(代码页 65001)。
D:\STUDY\CG2020\Homeworks\1_MiniDraw\documents\hello\src\hello\mainwindow.h(1,1): warning C4828: 文件包含在偏移 0x1bc 处开始的字符，该字符在当前源字符集中无效(代码页 65001)。
D:\STUDY\CG2020\Homeworks\1_MiniDraw\documents\hello\src\hello\mainwindow.h(1,1): warning C4828: 文件包含在偏移 0x1da 处开始的字符，该字符在当前源字符集中无效(代码页 65001)。
D:\STUDY\CG2020\Homeworks\1_MiniDraw\documents\hello\src\hello\mainwindow.h(1,1): warning C4828: 文件包含在偏移 0x1dc 处开始的字符，该字符在当前源字符集中无效(代码页 65001)。
D:\STUDY\CG2020\Homeworks\1_MiniDraw\documents\hello\src\hello\mainwindow.h(1,1): warning C4828: 文件包含在偏移 0x1de 处开始的字符，该字符在当前源字符集中无效(代码页 65001)。
D:\STUDY\CG2020\Homeworks\1_MiniDraw\documents\hello\src\hello\mainwindow.h(1,1): warning C4828: 文件包含在偏移 0x1df 处开始的字符，该字符在当前源字符集中无效(代码页 65001)。
D:\STUDY\CG2020\Homeworks\1_MiniDraw\documents\hello\src\hello\mainwindow.h(1,1): warning C4828: 文件包含在偏移 0x1e0 处开始的字符，该字符在当前源字符集中无效(代码页 65001)。
D:\STUDY\CG2020\Homeworks\1_MiniDraw\documents\hello\src\hello\mainwindow.h(1,1): warning C4828: 文件包含在偏移 0x20a 处开始的字符，该字符在当前源字符集中无效(代码页 65001)。
D:\STUDY\CG2020\Homeworks\1_MiniDraw\documents\hello\src\hello\mainwindow.h(1,1): warning C4828: 文件包含在偏移 0x20d 处开始的字符，该字符在当前源字符集中无效(代码页 65001)。
D:\STUDY\CG2020\Homeworks\1_MiniDraw\documents\hello\src\hello\mainwindow.h(1,1): warning C4828: 文件包含在偏移 0x20e 处开始的字符，该字符在当前源字符集中无效(代码页 65001)。
  QtExample_hello.vcxproj -> D:\STUDY\CG2020\Homeworks\1_MiniDraw\documents\hello\bin\QtExample_hellod.exe
